[0m[[0minfo[0m] [0mLoading global plugins from /Users/nicolas/.sbt/plugins[0m
[0m[[0minfo[0m] [0mSet current project to Botify Spark (in build file:/Users/nicolas/Downloads/spark-0.7.0/botify/)[0m
[0m[[0minfo[0m] [0mCompiling 1 Scala source to /Users/nicolas/Downloads/spark-0.7.0/botify/target/scala-2.9.2/classes...[0m
[0m[[0minfo[0m] [0mRunning SimpleJob [0m
Pages by status code
Code	Count
200	386845
301	23146
302	130981
400	26
404	1195
500	187
NEGATIVE_OR_NULL	4839
Pages by response time buckets (delay2.ms)
Bucket	Count
< 500 ms	522424
> 1s	3228
>= 500 ms and <= 1 s	21567
AVG response time by path directory
/	134.348863 (4529 urls)
/a/	126.000000 (3 urls)
/app_themes/	101.000000 (1 urls)
/article/	267.231962 (112251 urls)
/beignet/	278.333333 (3 urls)
/blog/	223.397466 (74112 urls)
/braunconcoursrecettesexpress/	404.000000 (1 urls)
/carnet_v2/	126.000000 (5 urls)
/chandeleur/	176.000000 (1 urls)
/coin-partage/	121.429577 (142 urls)
/comm/	124.333333 (15 urls)
/communau/	126.000000 (1 urls)
/communaute/	130.725400 (437 urls)
/contenus/	0.000000 (2 urls)
/crepe/	334.571429 (14 urls)
/cuisine/	259.913159 (50149 urls)
/decouvrir/	230.833333 (6 urls)
/dossiers/	181.090102 (10699 urls)
/espace-perso/	115.470588 (17 urls)
/event/	354.081081 (37 urls)
/forum/	173.719291 (11788 urls)
/forumv1/	100.857143 (7 urls)
/quiz_automne2009_marmiton/	504.000000 (1 urls)
/quiz_ete2008_marmiton/	329.000000 (1 urls)
/quiz_ete2009_marmiton/	330.000000 (1 urls)
/quiz_fetes2009_marmiton/	458.000000 (1 urls)
/quiz_hivercocooning2010_marmiton/	405.000000 (1 urls)
/quizbonnefetemaman2010/	354.000000 (1 urls)
/quizmarmiton_10ans/	354.000000 (1 urls)
/quizmarmiton_50000recettes/	354.000000 (1 urls)
/quizmarmiton_cestlarentree/	354.000000 (1 urls)
/quiznouvelanchinois2010/	403.000000 (1 urls)
/quizprintemps2010/	404.000000 (1 urls)
/recette-noel/	195.186567 (134 urls)
/recette-paques/	372.375000 (16 urls)
/recettes/	267.741793 (113862 urls)
/repas-saint-valentin/	205.666667 (6 urls)
/restos/	665.148438 (128 urls)
/savoir-plus/	130.866667 (15 urls)
/search/	126.000000 (1 urls)
/selections/	106.514286 (35 urls)
/shopping/	113.500000 (4 urls)
/france5_2007/	530.000000 (1 urls)
/gateway/	119.273338 (2678 urls)
/gaufre/	499.800000 (5 urls)
/general/	63.000000 (2 urls)
/gourmet/	271.662310 (112331 urls)
/histoires/	101.000000 (2 urls)
/http...%20et%20ce%20qui%20est%20au-dessus;%20je%20ne%20r%c3%a9%c3%a9cris%20pas%20tout,%20sinon%20%c3%a7a%20appara%c3%aetra%20comme%20lien%20cliquable.%3cbr%3e(tu%20peux%20effacer%20ce%20commentaire,%20c'est%20juste%20pour%20donner%20une%20id%c3%a9e,%20j'ai%20bien%20appr%c3%a9ci%c3%a9%20que%20nadine%20me%20donne%20le%20truc%20pour%20mon%20blog!)%3cbr%3e%3cbr%3e%3chr%20class=afmod_sep%3e%3c/	152.000000 (1 urls)
/ingredients/	226.000000 (1 urls)
/lettre/	116.142857 (28 urls)
/log/	154.529695 (1869 urls)
/magazine/	249.614239 (37080 urls)
/marmeeton/	108.000000 (7 urls)
/marmitv/	126.000000 (2 urls)
/mds/	122.015267 (131 urls)
/outils/	115.513158 (76 urls)
/part/	2019.307692 (52 urls)
/petitplus/	451.691382 (2576 urls)
/photos/	176.000000 (1 urls)
/pix/	113.500000 (2 urls)
/pixcontent/	178.750000 (12 urls)
/pratique/	123.370370 (243 urls)
/site/	151.000000 (1 urls)
/video/	178.494011 (10854 urls)
/world/	326.178703 (817 urls)
EMAIL	0.000000 (11 urls)
/questions/	63.000000 (4 urls)
H1 prensence and uniqueness by path (in percents)
path	presence	uniqueness
/event/	37.84% (37 individuals)	0.00% (37 individuals)
/communaute/	0.00% (437 individuals)	0.00% (437 individuals)
/gateway/	0.00% (2678 individuals)	0.00% (2678 individuals)
/contenus/	0.00% (2 individuals)	0.00% (2 individuals)
/app_themes/	0.00% (1 individuals)	0.00% (1 individuals)
/world/	0.00% (817 individuals)	0.00% (817 individuals)
/log/	0.00% (1869 individuals)	0.00% (1869 individuals)
/outils/	0.00% (76 individuals)	0.00% (76 individuals)
/pix/	0.00% (2 individuals)	0.00% (2 individuals)
/questions/	0.00% (4 individuals)	0.00% (4 individuals)
/cuisine/	20.59% (50149 individuals)	0.00% (50149 individuals)
/shopping/	0.00% (4 individuals)	0.00% (4 individuals)
/pixcontent/	0.00% (12 individuals)	0.00% (12 individuals)
/quiznouvelanchinois2010/	0.00% (1 individuals)	0.00% (1 individuals)
/repas-saint-valentin/	50.00% (6 individuals)	0.00% (6 individuals)
/quiz_automne2009_marmiton/	0.00% (1 individuals)	0.00% (1 individuals)
/dossiers/	0.00% (10699 individuals)	0.00% (10699 individuals)
/quizbonnefetemaman2010/	0.00% (1 individuals)	0.00% (1 individuals)
/photos/	0.00% (1 individuals)	0.00% (1 individuals)
/espace-perso/	0.00% (17 individuals)	0.00% (17 individuals)
/ingredients/	0.00% (1 individuals)	0.00% (1 individuals)
/quizmarmiton_10ans/	0.00% (1 individuals)	0.00% (1 individuals)
/savoir-plus/	0.00% (15 individuals)	0.00% (15 individuals)
/pratique/	0.00% (243 individuals)	0.00% (243 individuals)
/gaufre/	100.00% (5 individuals)	0.00% (5 individuals)
/crepe/	100.00% (14 individuals)	0.00% (14 individuals)
/petitplus/	0.00% (2576 individuals)	0.00% (2576 individuals)
/site/	0.00% (1 individuals)	0.00% (1 individuals)
/recette-noel/	48.51% (134 individuals)	0.00% (134 individuals)
/marmitv/	0.00% (2 individuals)	0.00% (2 individuals)
/carnet_v2/	0.00% (5 individuals)	0.00% (5 individuals)
/quiz_ete2009_marmiton/	0.00% (1 individuals)	0.00% (1 individuals)
EMAIL	0.00% (11 individuals)	0.00% (11 individuals)
/marmeeton/	0.00% (7 individuals)	0.00% (7 individuals)
/recette-paques/	75.00% (16 individuals)	0.00% (16 individuals)
/forumv1/	0.00% (7 individuals)	0.00% (7 individuals)
/quizmarmiton_cestlarentree/	0.00% (1 individuals)	0.00% (1 individuals)
/article/	27.59% (112251 individuals)	0.00% (112251 individuals)
/quizprintemps2010/	0.00% (1 individuals)	0.00% (1 individuals)
/video/	1.65% (10854 individuals)	0.00% (10854 individuals)
/quiz_ete2008_marmiton/	0.00% (1 individuals)	0.00% (1 individuals)
/histoires/	0.00% (2 individuals)	0.00% (2 individuals)
/coin-partage/	0.00% (142 individuals)	0.00% (142 individuals)
/chandeleur/	100.00% (1 individuals)	0.00% (1 individuals)
/http...%20et%20ce%20qui%20est%20au-dessus;%20je%20ne%20r%c3%a9%c3%a9cris%20pas%20tout,%20sinon%20%c3%a7a%20appara%c3%aetra%20comme%20lien%20cliquable.%3cbr%3e(tu%20peux%20effacer%20ce%20commentaire,%20c'est%20juste%20pour%20donner%20une%20id%c3%a9e,%20j'ai%20bien%20appr%c3%a9ci%c3%a9%20que%20nadine%20me%20donne%20le%20truc%20pour%20mon%20blog!)%3cbr%3e%3cbr%3e%3chr%20class=afmod_sep%3e%3c/	0.00% (1 individuals)	0.00% (1 individuals)
/communau/	0.00% (1 individuals)	0.00% (1 individuals)
/search/	0.00% (1 individuals)	0.00% (1 individuals)
/braunconcoursrecettesexpress/	0.00% (1 individuals)	0.00% (1 individuals)
/france5_2007/	0.00% (1 individuals)	0.00% (1 individuals)
/quizmarmiton_50000recettes/	0.00% (1 individuals)	0.00% (1 individuals)
/beignet/	100.00% (3 individuals)	0.00% (3 individuals)
/a/	0.00% (3 individuals)	0.00% (3 individuals)
/blog/	0.00% (74112 individuals)	0.00% (74112 individuals)
/magazine/	16.42% (37080 individuals)	0.00% (37080 individuals)
/part/	1.92% (52 individuals)	0.00% (52 individuals)
/	0.20% (4529 individuals)	0.00% (4529 individuals)
/quiz_hivercocooning2010_marmiton/	0.00% (1 individuals)	0.00% (1 individuals)
/restos/	39.84% (128 individuals)	0.00% (128 individuals)
/recettes/	27.34% (113862 individuals)	0.00% (113862 individuals)
/decouvrir/	83.33% (6 individuals)	0.00% (6 individuals)
/gourmet/	27.80% (112331 individuals)	0.00% (112331 individuals)
/mds/	0.00% (131 individuals)	0.00% (131 individuals)
/selections/	0.00% (35 individuals)	0.00% (35 individuals)
/comm/	0.00% (15 individuals)	0.00% (15 individuals)
/lettre/	0.00% (28 individuals)	0.00% (28 individuals)
/general/	0.00% (2 individuals)	0.00% (2 individuals)
/forum/	0.00% (11788 individuals)	0.00% (11788 individuals)
/quiz_fetes2009_marmiton/	0.00% (1 individuals)	0.00% (1 individuals)
Outbound links between first directories
From	To	Count
